<?xml version="1.0" encoding="UTF-8"?>
<coverage generated="1766506285325" clover="3.2.0">
  <project timestamp="1766506285325" name="All files">
    <metrics statements="147" coveredstatements="103" conditionals="97" coveredconditionals="51" methods="52" coveredmethods="32" elements="296" coveredelements="186" complexity="0" loc="147" ncloc="147" packages="5" files="12" classes="12"/>
    <package name="components.ui">
      <metrics statements="15" coveredstatements="15" conditionals="7" coveredconditionals="3" methods="8" coveredmethods="5"/>
      <file name="EmptyState.tsx" path="D:\Projetos\fit-flow\src\components\ui\EmptyState.tsx">
        <metrics statements="0" coveredstatements="0" conditionals="0" coveredconditionals="0" methods="1" coveredmethods="1"/>
      </file>
      <file name="ErrorState.tsx" path="D:\Projetos\fit-flow\src\components\ui\ErrorState.tsx">
        <metrics statements="0" coveredstatements="0" conditionals="2" coveredconditionals="0" methods="1" coveredmethods="0"/>
      </file>
      <file name="LoadingSpinner.tsx" path="D:\Projetos\fit-flow\src\components\ui\LoadingSpinner.tsx">
        <metrics statements="1" coveredstatements="1" conditionals="2" coveredconditionals="1" methods="3" coveredmethods="1"/>
        <line num="11" count="1" type="stmt"/>
      </file>
      <file name="badge.tsx" path="D:\Projetos\fit-flow\src\components\ui\badge.tsx">
        <metrics statements="1" coveredstatements="1" conditionals="0" coveredconditionals="0" methods="1" coveredmethods="1"/>
        <line num="6" count="1" type="stmt"/>
      </file>
      <file name="button.tsx" path="D:\Projetos\fit-flow\src\components\ui\button.tsx">
        <metrics statements="4" coveredstatements="4" conditionals="3" coveredconditionals="2" methods="1" coveredmethods="1"/>
        <line num="7" count="2" type="stmt"/>
        <line num="60" count="2" type="stmt"/>
        <line num="62" count="37" type="cond" truecount="1" falsecount="1"/>
        <line num="68" count="2" type="stmt"/>
      </file>
      <file name="card.tsx" path="D:\Projetos\fit-flow\src\components\ui\card.tsx">
        <metrics statements="7" coveredstatements="7" conditionals="0" coveredconditionals="0" methods="0" coveredmethods="0"/>
        <line num="6" count="2" type="stmt"/>
        <line num="37" count="2" type="stmt"/>
        <line num="44" count="2" type="stmt"/>
        <line num="55" count="2" type="stmt"/>
        <line num="63" count="2" type="stmt"/>
        <line num="70" count="2" type="stmt"/>
        <line num="77" count="2" type="stmt"/>
      </file>
      <file name="input.tsx" path="D:\Projetos\fit-flow\src\components\ui\input.tsx">
        <metrics statements="2" coveredstatements="2" conditionals="0" coveredconditionals="0" methods="1" coveredmethods="1"/>
        <line num="5" count="2" type="stmt"/>
        <line num="20" count="2" type="stmt"/>
      </file>
    </package>
    <package name="contexts">
      <metrics statements="58" coveredstatements="46" conditionals="18" coveredconditionals="11" methods="11" coveredmethods="10"/>
      <file name="AuthContext.tsx" path="D:\Projetos\fit-flow\src\contexts\AuthContext.tsx">
        <metrics statements="58" coveredstatements="46" conditionals="18" coveredconditionals="11" methods="11" coveredmethods="10"/>
        <line num="30" count="1" type="stmt"/>
        <line num="33" count="21" type="stmt"/>
        <line num="34" count="21" type="stmt"/>
        <line num="35" count="21" type="stmt"/>
        <line num="36" count="21" type="stmt"/>
        <line num="37" count="21" type="stmt"/>
        <line num="39" count="21" type="stmt"/>
        <line num="40" count="4" type="stmt"/>
        <line num="41" count="4" type="stmt"/>
        <line num="43" count="4" type="cond" truecount="4" falsecount="0"/>
        <line num="44" count="3" type="stmt"/>
        <line num="45" count="3" type="stmt"/>
        <line num="48" count="0" type="stmt"/>
        <line num="52" count="21" type="stmt"/>
        <line num="56" count="7" type="stmt"/>
        <line num="57" count="1" type="stmt"/>
        <line num="58" count="1" type="cond" truecount="1" falsecount="1"/>
        <line num="60" count="1" type="cond" truecount="1" falsecount="1"/>
        <line num="61" count="1" type="stmt"/>
        <line num="63" count="0" type="stmt"/>
        <line num="64" count="0" type="stmt"/>
        <line num="67" count="1" type="stmt"/>
        <line num="71" count="7" type="stmt"/>
        <line num="72" count="7" type="stmt"/>
        <line num="73" count="7" type="cond" truecount="2" falsecount="0"/>
        <line num="75" count="7" type="cond" truecount="2" falsecount="0"/>
        <line num="76" count="3" type="stmt"/>
        <line num="79" count="7" type="stmt"/>
        <line num="82" count="7" type="stmt"/>
        <line num="85" count="21" type="stmt"/>
        <line num="86" count="2" type="stmt"/>
        <line num="87" count="2" type="stmt"/>
        <line num="91" count="2" type="stmt"/>
        <line num="93" count="0" type="stmt"/>
        <line num="97" count="21" type="stmt"/>
        <line num="103" count="1" type="stmt"/>
        <line num="104" count="1" type="stmt"/>
        <line num="106" count="1" type="stmt"/>
        <line num="118" count="1" type="stmt"/>
        <line num="120" count="0" type="stmt"/>
        <line num="124" count="21" type="stmt"/>
        <line num="125" count="1" type="stmt"/>
        <line num="126" count="1" type="stmt"/>
        <line num="128" count="0" type="stmt"/>
        <line num="130" count="1" type="stmt"/>
        <line num="131" count="1" type="stmt"/>
        <line num="132" count="1" type="stmt"/>
        <line num="133" count="1" type="stmt"/>
        <line num="138" count="21" type="stmt"/>
        <line num="139" count="0" type="stmt"/>
        <line num="145" count="0" type="stmt"/>
        <line num="146" count="0" type="stmt"/>
        <line num="147" count="0" type="stmt"/>
        <line num="155" count="0" type="stmt"/>
        <line num="178" count="20" type="stmt"/>
        <line num="179" count="20" type="cond" truecount="1" falsecount="1"/>
        <line num="180" count="0" type="stmt"/>
        <line num="182" count="20" type="stmt"/>
      </file>
    </package>
    <package name="hooks">
      <metrics statements="40" coveredstatements="19" conditionals="30" coveredconditionals="6" methods="15" coveredmethods="9"/>
      <file name="useStudentData.ts" path="D:\Projetos\fit-flow\src\hooks\useStudentData.ts">
        <metrics statements="40" coveredstatements="19" conditionals="30" coveredconditionals="6" methods="15" coveredmethods="9"/>
        <line num="6" count="2" type="stmt"/>
        <line num="8" count="2" type="stmt"/>
        <line num="10" count="1" type="cond" truecount="1" falsecount="1"/>
        <line num="12" count="0" type="stmt"/>
        <line num="23" count="0" type="cond" truecount="0" falsecount="2"/>
        <line num="24" count="0" type="stmt"/>
        <line num="30" count="2" type="stmt"/>
        <line num="44" count="1" type="stmt"/>
        <line num="57" count="1" type="cond" truecount="1" falsecount="1"/>
        <line num="58" count="1" type="stmt"/>
        <line num="64" count="2" type="stmt"/>
        <line num="66" count="2" type="stmt"/>
        <line num="78" count="1" type="stmt"/>
        <line num="90" count="1" type="cond" truecount="1" falsecount="1"/>
        <line num="91" count="1" type="stmt"/>
        <line num="94" count="1" type="stmt"/>
        <line num="100" count="7" type="stmt"/>
        <line num="102" count="7" type="stmt"/>
        <line num="105" count="4" type="cond" truecount="1" falsecount="1"/>
        <line num="107" count="4" type="stmt"/>
        <line num="113" count="3" type="cond" truecount="2" falsecount="0"/>
        <line num="114" count="2" type="stmt"/>
        <line num="121" count="0" type="stmt"/>
        <line num="123" count="0" type="stmt"/>
        <line num="126" count="0" type="cond" truecount="0" falsecount="2"/>
        <line num="128" count="0" type="stmt"/>
        <line num="139" count="0" type="cond" truecount="0" falsecount="2"/>
        <line num="140" count="0" type="cond" truecount="0" falsecount="2"/>
        <line num="147" count="0" type="stmt"/>
        <line num="149" count="0" type="stmt"/>
        <line num="152" count="0" type="cond" truecount="0" falsecount="2"/>
        <line num="154" count="0" type="stmt"/>
        <line num="172" count="0" type="cond" truecount="0" falsecount="2"/>
        <line num="173" count="0" type="cond" truecount="0" falsecount="2"/>
        <line num="180" count="0" type="stmt"/>
        <line num="182" count="0" type="stmt"/>
        <line num="185" count="0" type="cond" truecount="0" falsecount="2"/>
        <line num="187" count="0" type="stmt"/>
        <line num="194" count="0" type="cond" truecount="0" falsecount="2"/>
        <line num="195" count="0" type="cond" truecount="0" falsecount="2"/>
      </file>
    </package>
    <package name="lib">
      <metrics statements="1" coveredstatements="1" conditionals="0" coveredconditionals="0" methods="1" coveredmethods="1"/>
      <file name="utils.ts" path="D:\Projetos\fit-flow\src\lib\utils.ts">
        <metrics statements="1" coveredstatements="1" conditionals="0" coveredconditionals="0" methods="1" coveredmethods="1"/>
        <line num="5" count="73" type="stmt"/>
      </file>
    </package>
    <package name="pages.trainer">
      <metrics statements="33" coveredstatements="22" conditionals="42" coveredconditionals="31" methods="17" coveredmethods="7"/>
      <file name="Plans.tsx" path="D:\Projetos\fit-flow\src\pages\trainer\Plans.tsx">
        <metrics statements="9" coveredstatements="6" conditionals="10" coveredconditionals="8" methods="6" coveredmethods="3"/>
        <line num="14" count="5" type="stmt"/>
        <line num="15" count="5" type="stmt"/>
        <line num="16" count="5" type="stmt"/>
        <line num="19" count="6" type="cond" truecount="2" falsecount="0"/>
        <line num="21" count="5" type="cond" truecount="2" falsecount="0"/>
        <line num="42" count="0" type="stmt"/>
        <line num="61" count="1" type="stmt"/>
        <line num="102" count="0" type="stmt"/>
        <line num="133" count="0" type="stmt"/>
      </file>
      <file name="Students.tsx" path="D:\Projetos\fit-flow\src\pages\trainer\Students.tsx">
        <metrics statements="24" coveredstatements="16" conditionals="32" coveredconditionals="23" methods="11" coveredmethods="4"/>
        <line num="27" count="1" type="stmt"/>
        <line num="71" count="2" type="stmt"/>
        <line num="72" count="2" type="stmt"/>
        <line num="73" count="2" type="stmt"/>
        <line num="74" count="2" type="stmt"/>
        <line num="75" count="2" type="stmt"/>
        <line num="78" count="2" type="cond" truecount="4" falsecount="0"/>
        <line num="79" count="2" type="cond" truecount="2" falsecount="2"/>
        <line num="81" count="2" type="stmt"/>
        <line num="83" count="4" type="cond" truecount="1" falsecount="1"/>
        <line num="91" count="4" type="cond" truecount="3" falsecount="1"/>
        <line num="93" count="4" type="cond" truecount="2" falsecount="0"/>
        <line num="96" count="2" type="cond" truecount="1" falsecount="1"/>
        <line num="104" count="2" type="cond" truecount="1" falsecount="1"/>
        <line num="107" count="0" type="stmt"/>
        <line num="123" count="0" type="stmt"/>
        <line num="142" count="0" type="stmt"/>
        <line num="150" count="0" type="stmt"/>
        <line num="157" count="0" type="stmt"/>
        <line num="164" count="1" type="stmt"/>
        <line num="197" count="4" type="stmt"/>
        <line num="282" count="0" type="stmt"/>
        <line num="283" count="0" type="stmt"/>
        <line num="288" count="0" type="stmt"/>
      </file>
    </package>
  </project>
</coverage>
