{"D:\\Projetos\\fit-flow\\src\\components\\ui\\EmptyState.tsx": {"path":"D:\\Projetos\\fit-flow\\src\\components\\ui\\EmptyState.tsx","statementMap":{},"fnMap":{"0":{"name":"EmptyState","decl":{"start":{"line":16,"column":16},"end":{"line":16,"column":27}},"loc":{"start":{"line":16,"column":97},"end":{"line":29,"column":null}},"line":16}},"branchMap":{},"s":{},"f":{"0":2},"b":{},"meta":{"lastBranch":0,"lastFunction":1,"lastStatement":0,"seen":{"f:16:16:16:27":0}}}
,"D:\\Projetos\\fit-flow\\src\\components\\ui\\ErrorState.tsx": {"path":"D:\\Projetos\\fit-flow\\src\\components\\ui\\ErrorState.tsx","statementMap":{},"fnMap":{"0":{"name":"ErrorState","decl":{"start":{"line":12,"column":16},"end":{"line":12,"column":27}},"loc":{"start":{"line":17,"column":18},"end":{"line":35,"column":null}},"line":17}},"branchMap":{"0":{"loc":{"start":{"line":13,"column":2},"end":{"line":13,"column":27}},"type":"default-arg","locations":[{"start":{"line":13,"column":10},"end":{"line":13,"column":27}}],"line":13},"1":{"loc":{"start":{"line":14,"column":2},"end":{"line":14,"column":70}},"type":"default-arg","locations":[{"start":{"line":14,"column":16},"end":{"line":14,"column":70}}],"line":14}},"s":{},"f":{"0":0},"b":{"0":[0],"1":[0]},"meta":{"lastBranch":2,"lastFunction":1,"lastStatement":0,"seen":{"f:12:16:12:27":0,"b:13:10:13:27":0,"b:14:16:14:70":1}}}
,"D:\\Projetos\\fit-flow\\src\\components\\ui\\LoadingSpinner.tsx": {"path":"D:\\Projetos\\fit-flow\\src\\components\\ui\\LoadingSpinner.tsx","statementMap":{"0":{"start":{"line":11,"column":22},"end":{"line":15,"column":null}}},"fnMap":{"0":{"name":"LoadingSpinner","decl":{"start":{"line":10,"column":16},"end":{"line":10,"column":31}},"loc":{"start":{"line":10,"column":84},"end":{"line":23,"column":null}},"line":10},"1":{"name":"PageLoader","decl":{"start":{"line":25,"column":16},"end":{"line":25,"column":27}},"loc":{"start":{"line":25,"column":72},"end":{"line":31,"column":null}},"line":25},"2":{"name":"CardLoader","decl":{"start":{"line":33,"column":16},"end":{"line":33,"column":null}},"loc":{"start":{"line":33,"column":16},"end":{"line":39,"column":null}},"line":33}},"branchMap":{"0":{"loc":{"start":{"line":10,"column":33},"end":{"line":10,"column":44}},"type":"default-arg","locations":[{"start":{"line":10,"column":40},"end":{"line":10,"column":44}}],"line":10},"1":{"loc":{"start":{"line":25,"column":29},"end":{"line":25,"column":51}},"type":"default-arg","locations":[{"start":{"line":25,"column":36},"end":{"line":25,"column":51}}],"line":25}},"s":{"0":1},"f":{"0":1,"1":0,"2":0},"b":{"0":[1],"1":[0]},"meta":{"lastBranch":2,"lastFunction":3,"lastStatement":1,"seen":{"f:10:16:10:31":0,"b:10:40:10:44":0,"s:11:22:15:Infinity":0,"f:25:16:25:27":1,"b:25:36:25:51":1,"f:33:16:33:Infinity":2}}}
,"D:\\Projetos\\fit-flow\\src\\components\\ui\\badge.tsx": {"path":"D:\\Projetos\\fit-flow\\src\\components\\ui\\badge.tsx","statementMap":{"0":{"start":{"line":6,"column":6},"end":{"line":33,"column":null}}},"fnMap":{"0":{"name":"Badge","decl":{"start":{"line":39,"column":9},"end":{"line":39,"column":15}},"loc":{"start":{"line":39,"column":59},"end":{"line":41,"column":null}},"line":39}},"branchMap":{},"s":{"0":1},"f":{"0":2},"b":{},"meta":{"lastBranch":0,"lastFunction":1,"lastStatement":1,"seen":{"s:6:6:33:Infinity":0,"f:39:9:39:15":0}}}
,"D:\\Projetos\\fit-flow\\src\\components\\ui\\button.tsx": {"path":"D:\\Projetos\\fit-flow\\src\\components\\ui\\button.tsx","statementMap":{"0":{"start":{"line":7,"column":6},"end":{"line":52,"column":null}},"1":{"start":{"line":60,"column":15},"end":{"line":66,"column":null}},"2":{"start":{"line":62,"column":17},"end":{"line":62,"column":null}},"3":{"start":{"line":68,"column":0},"end":{"line":68,"column":null}}},"fnMap":{"0":{"name":"(anonymous_0)","decl":{"start":{"line":61,"column":2},"end":{"line":61,"column":3}},"loc":{"start":{"line":61,"column":60},"end":{"line":66,"column":null}},"line":61}},"branchMap":{"0":{"loc":{"start":{"line":61,"column":31},"end":{"line":61,"column":46}},"type":"default-arg","locations":[{"start":{"line":61,"column":41},"end":{"line":61,"column":46}}],"line":61},"1":{"loc":{"start":{"line":62,"column":17},"end":{"line":62,"column":null}},"type":"cond-expr","locations":[{"start":{"line":62,"column":27},"end":{"line":62,"column":34}},{"start":{"line":62,"column":34},"end":{"line":62,"column":null}}],"line":62}},"s":{"0":2,"1":2,"2":37,"3":2},"f":{"0":37},"b":{"0":[37],"1":[0,37]},"meta":{"lastBranch":2,"lastFunction":1,"lastStatement":4,"seen":{"s:7:6:52:Infinity":0,"s:60:15:66:Infinity":1,"f:61:2:61:3":0,"b:61:41:61:46":0,"s:62:17:62:Infinity":2,"b:62:27:62:34:62:34:62:Infinity":1,"s:68:0:68:Infinity":3}}}
,"D:\\Projetos\\fit-flow\\src\\components\\ui\\card.tsx": {"path":"D:\\Projetos\\fit-flow\\src\\components\\ui\\card.tsx","statementMap":{"0":{"start":{"line":6,"column":6},"end":{"line":26,"column":null}},"1":{"start":{"line":37,"column":0},"end":{"line":37,"column":null}},"2":{"start":{"line":44,"column":0},"end":{"line":44,"column":null}},"3":{"start":{"line":55,"column":0},"end":{"line":55,"column":null}},"4":{"start":{"line":63,"column":0},"end":{"line":63,"column":null}},"5":{"start":{"line":70,"column":0},"end":{"line":70,"column":null}},"6":{"start":{"line":77,"column":0},"end":{"line":77,"column":null}}},"fnMap":{},"branchMap":{},"s":{"0":2,"1":2,"2":2,"3":2,"4":2,"5":2,"6":2},"f":{},"b":{},"meta":{"lastBranch":0,"lastFunction":0,"lastStatement":7,"seen":{"s:6:6:26:Infinity":0,"s:37:0:37:Infinity":1,"s:44:0:44:Infinity":2,"s:55:0:55:Infinity":3,"s:63:0:63:Infinity":4,"s:70:0:70:Infinity":5,"s:77:0:77:Infinity":6}}}
,"D:\\Projetos\\fit-flow\\src\\components\\ui\\input.tsx": {"path":"D:\\Projetos\\fit-flow\\src\\components\\ui\\input.tsx","statementMap":{"0":{"start":{"line":5,"column":14},"end":{"line":18,"column":null}},"1":{"start":{"line":20,"column":0},"end":{"line":20,"column":null}}},"fnMap":{"0":{"name":"(anonymous_0)","decl":{"start":{"line":6,"column":2},"end":{"line":6,"column":3}},"loc":{"start":{"line":6,"column":34},"end":{"line":18,"column":null}},"line":6}},"branchMap":{},"s":{"0":2,"1":2},"f":{"0":6},"b":{},"meta":{"lastBranch":0,"lastFunction":1,"lastStatement":2,"seen":{"s:5:14:18:Infinity":0,"f:6:2:6:3":0,"s:20:0:20:Infinity":1}}}
,"D:\\Projetos\\fit-flow\\src\\contexts\\AuthContext.tsx": {"path":"D:\\Projetos\\fit-flow\\src\\contexts\\AuthContext.tsx","statementMap":{"0":{"start":{"line":30,"column":6},"end":{"line":30,"column":null}},"1":{"start":{"line":33,"column":23},"end":{"line":33,"column":null}},"2":{"start":{"line":34,"column":29},"end":{"line":34,"column":null}},"3":{"start":{"line":35,"column":29},"end":{"line":35,"column":null}},"4":{"start":{"line":36,"column":31},"end":{"line":36,"column":null}},"5":{"start":{"line":37,"column":29},"end":{"line":37,"column":null}},"6":{"start":{"line":39,"column":8},"end":{"line":50,"column":null}},"7":{"start":{"line":40,"column":4},"end":{"line":49,"column":null}},"8":{"start":{"line":41,"column":30},"end":{"line":41,"column":null}},"9":{"start":{"line":43,"column":6},"end":{"line":46,"column":null}},"10":{"start":{"line":44,"column":8},"end":{"line":44,"column":null}},"11":{"start":{"line":45,"column":8},"end":{"line":45,"column":null}},"12":{"start":{"line":48,"column":6},"end":{"line":48,"column":null}},"13":{"start":{"line":52,"column":2},"end":{"line":83,"column":null}},"14":{"start":{"line":56,"column":8},"end":{"line":68,"column":null}},"15":{"start":{"line":57,"column":6},"end":{"line":57,"column":null}},"16":{"start":{"line":58,"column":6},"end":{"line":58,"column":null}},"17":{"start":{"line":60,"column":6},"end":{"line":65,"column":null}},"18":{"start":{"line":61,"column":8},"end":{"line":61,"column":null}},"19":{"start":{"line":63,"column":8},"end":{"line":63,"column":null}},"20":{"start":{"line":64,"column":8},"end":{"line":64,"column":null}},"21":{"start":{"line":67,"column":6},"end":{"line":67,"column":null}},"22":{"start":{"line":71,"column":4},"end":{"line":80,"column":null}},"23":{"start":{"line":72,"column":6},"end":{"line":72,"column":null}},"24":{"start":{"line":73,"column":6},"end":{"line":73,"column":null}},"25":{"start":{"line":75,"column":6},"end":{"line":77,"column":null}},"26":{"start":{"line":76,"column":8},"end":{"line":76,"column":null}},"27":{"start":{"line":79,"column":6},"end":{"line":79,"column":null}},"28":{"start":{"line":82,"column":4},"end":{"line":82,"column":null}},"29":{"start":{"line":82,"column":17},"end":{"line":82,"column":null}},"30":{"start":{"line":85,"column":17},"end":{"line":95,"column":null}},"31":{"start":{"line":86,"column":4},"end":{"line":94,"column":null}},"32":{"start":{"line":87,"column":24},"end":{"line":90,"column":null}},"33":{"start":{"line":91,"column":6},"end":{"line":91,"column":null}},"34":{"start":{"line":93,"column":6},"end":{"line":93,"column":null}},"35":{"start":{"line":97,"column":17},"end":{"line":122,"column":null}},"36":{"start":{"line":103,"column":4},"end":{"line":121,"column":null}},"37":{"start":{"line":104,"column":26},"end":{"line":104,"column":54}},"38":{"start":{"line":106,"column":24},"end":{"line":116,"column":null}},"39":{"start":{"line":118,"column":6},"end":{"line":118,"column":null}},"40":{"start":{"line":120,"column":6},"end":{"line":120,"column":null}},"41":{"start":{"line":124,"column":18},"end":{"line":135,"column":null}},"42":{"start":{"line":125,"column":4},"end":{"line":134,"column":null}},"43":{"start":{"line":126,"column":6},"end":{"line":126,"column":null}},"44":{"start":{"line":128,"column":6},"end":{"line":128,"column":null}},"45":{"start":{"line":130,"column":6},"end":{"line":130,"column":null}},"46":{"start":{"line":131,"column":6},"end":{"line":131,"column":null}},"47":{"start":{"line":132,"column":6},"end":{"line":132,"column":null}},"48":{"start":{"line":133,"column":6},"end":{"line":133,"column":null}},"49":{"start":{"line":138,"column":20},"end":{"line":156,"column":null}},"50":{"start":{"line":139,"column":33},"end":{"line":143,"column":null}},"51":{"start":{"line":145,"column":4},"end":{"line":145,"column":null}},"52":{"start":{"line":146,"column":4},"end":{"line":146,"column":null}},"53":{"start":{"line":147,"column":4},"end":{"line":154,"column":null}},"54":{"start":{"line":155,"column":4},"end":{"line":155,"column":null}},"55":{"start":{"line":178,"column":8},"end":{"line":178,"column":null}},"56":{"start":{"line":179,"column":2},"end":{"line":181,"column":null}},"57":{"start":{"line":180,"column":4},"end":{"line":180,"column":null}},"58":{"start":{"line":182,"column":2},"end":{"line":182,"column":null}}},"fnMap":{"0":{"name":"AuthProvider","decl":{"start":{"line":32,"column":16},"end":{"line":32,"column":29}},"loc":{"start":{"line":32,"column":72},"end":{"line":175,"column":null}},"line":32},"1":{"name":"(anonymous_1)","decl":{"start":{"line":39,"column":35},"end":{"line":39,"column":42}},"loc":{"start":{"line":39,"column":42},"end":{"line":50,"column":5}},"line":39},"2":{"name":"(anonymous_2)","decl":{"start":{"line":52,"column":12},"end":{"line":52,"column":null}},"loc":{"start":{"line":52,"column":12},"end":{"line":83,"column":5}},"line":52},"3":{"name":"(anonymous_3)","decl":{"start":{"line":56,"column":40},"end":{"line":56,"column":47}},"loc":{"start":{"line":56,"column":54},"end":{"line":68,"column":null}},"line":56},"4":{"name":"(anonymous_4)","decl":{"start":{"line":71,"column":36},"end":{"line":71,"column":43}},"loc":{"start":{"line":71,"column":64},"end":{"line":80,"column":null}},"line":71},"5":{"name":"(anonymous_5)","decl":{"start":{"line":82,"column":11},"end":{"line":82,"column":17}},"loc":{"start":{"line":82,"column":17},"end":{"line":82,"column":null}},"line":82},"6":{"name":"(anonymous_6)","decl":{"start":{"line":85,"column":17},"end":{"line":85,"column":24}},"loc":{"start":{"line":85,"column":39},"end":{"line":95,"column":null}},"line":85},"7":{"name":"(anonymous_7)","decl":{"start":{"line":97,"column":17},"end":{"line":97,"column":null}},"loc":{"start":{"line":101,"column":4},"end":{"line":122,"column":null}},"line":101},"8":{"name":"(anonymous_8)","decl":{"start":{"line":124,"column":18},"end":{"line":124,"column":null}},"loc":{"start":{"line":124,"column":18},"end":{"line":135,"column":null}},"line":124},"9":{"name":"(anonymous_9)","decl":{"start":{"line":138,"column":20},"end":{"line":138,"column":21}},"loc":{"start":{"line":138,"column":21},"end":{"line":156,"column":null}},"line":138},"10":{"name":"useAuth","decl":{"start":{"line":177,"column":16},"end":{"line":177,"column":null}},"loc":{"start":{"line":177,"column":16},"end":{"line":183,"column":null}},"line":177}},"branchMap":{"0":{"loc":{"start":{"line":43,"column":6},"end":{"line":46,"column":null}},"type":"if","locations":[{"start":{"line":43,"column":6},"end":{"line":46,"column":null}},{"start":{},"end":{}}],"line":43},"1":{"loc":{"start":{"line":43,"column":10},"end":{"line":43,"column":26}},"type":"binary-expr","locations":[{"start":{"line":43,"column":10},"end":{"line":43,"column":18}},{"start":{"line":43,"column":18},"end":{"line":43,"column":26}}],"line":43},"2":{"loc":{"start":{"line":58,"column":14},"end":{"line":58,"column":null}},"type":"binary-expr","locations":[{"start":{"line":58,"column":14},"end":{"line":58,"column":31}},{"start":{"line":58,"column":31},"end":{"line":58,"column":null}}],"line":58},"3":{"loc":{"start":{"line":60,"column":6},"end":{"line":65,"column":null}},"type":"if","locations":[{"start":{"line":60,"column":6},"end":{"line":65,"column":null}},{"start":{"line":62,"column":13},"end":{"line":65,"column":null}}],"line":60},"4":{"loc":{"start":{"line":73,"column":14},"end":{"line":73,"column":null}},"type":"binary-expr","locations":[{"start":{"line":73,"column":14},"end":{"line":73,"column":31}},{"start":{"line":73,"column":31},"end":{"line":73,"column":null}}],"line":73},"5":{"loc":{"start":{"line":75,"column":6},"end":{"line":77,"column":null}},"type":"if","locations":[{"start":{"line":75,"column":6},"end":{"line":77,"column":null}},{"start":{},"end":{}}],"line":75},"6":{"loc":{"start":{"line":141,"column":12},"end":{"line":141,"column":null}},"type":"cond-expr","locations":[{"start":{"line":141,"column":34},"end":{"line":141,"column":53}},{"start":{"line":141,"column":53},"end":{"line":141,"column":null}}],"line":141},"7":{"loc":{"start":{"line":149,"column":13},"end":{"line":149,"column":null}},"type":"cond-expr","locations":[{"start":{"line":149,"column":35},"end":{"line":149,"column":61}},{"start":{"line":149,"column":61},"end":{"line":149,"column":null}}],"line":149},"8":{"loc":{"start":{"line":179,"column":2},"end":{"line":181,"column":null}},"type":"if","locations":[{"start":{"line":179,"column":2},"end":{"line":181,"column":null}},{"start":{},"end":{}}],"line":179}},"s":{"0":1,"1":21,"2":21,"3":21,"4":21,"5":21,"6":21,"7":4,"8":4,"9":4,"10":3,"11":3,"12":0,"13":21,"14":7,"15":1,"16":1,"17":1,"18":1,"19":0,"20":0,"21":1,"22":7,"23":7,"24":7,"25":7,"26":3,"27":7,"28":7,"29":7,"30":21,"31":2,"32":2,"33":2,"34":0,"35":21,"36":1,"37":1,"38":1,"39":1,"40":0,"41":21,"42":1,"43":1,"44":0,"45":1,"46":1,"47":1,"48":1,"49":21,"50":0,"51":0,"52":0,"53":0,"54":0,"55":20,"56":20,"57":0,"58":20},"f":{"0":21,"1":4,"2":7,"3":1,"4":7,"5":7,"6":2,"7":1,"8":1,"9":0,"10":20},"b":{"0":[3,1],"1":[4,3],"2":[1,0],"3":[1,0],"4":[7,4],"5":[3,4],"6":[0,0],"7":[0,0],"8":[0,20]},"meta":{"lastBranch":9,"lastFunction":11,"lastStatement":59,"seen":{"s:30:6:30:Infinity":0,"f:32:16:32:29":0,"s:33:23:33:Infinity":1,"s:34:29:34:Infinity":2,"s:35:29:35:Infinity":3,"s:36:31:36:Infinity":4,"s:37:29:37:Infinity":5,"s:39:8:50:Infinity":6,"f:39:35:39:42":1,"s:40:4:49:Infinity":7,"s:41:30:41:Infinity":8,"b:43:6:46:Infinity:undefined:undefined:undefined:undefined":0,"s:43:6:46:Infinity":9,"b:43:10:43:18:43:18:43:26":1,"s:44:8:44:Infinity":10,"s:45:8:45:Infinity":11,"s:48:6:48:Infinity":12,"s:52:2:83:Infinity":13,"f:52:12:52:Infinity":2,"s:56:8:68:Infinity":14,"f:56:40:56:47":3,"s:57:6:57:Infinity":15,"s:58:6:58:Infinity":16,"b:58:14:58:31:58:31:58:Infinity":2,"b:60:6:65:Infinity:62:13:65:Infinity":3,"s:60:6:65:Infinity":17,"s:61:8:61:Infinity":18,"s:63:8:63:Infinity":19,"s:64:8:64:Infinity":20,"s:67:6:67:Infinity":21,"s:71:4:80:Infinity":22,"f:71:36:71:43":4,"s:72:6:72:Infinity":23,"s:73:6:73:Infinity":24,"b:73:14:73:31:73:31:73:Infinity":4,"b:75:6:77:Infinity:undefined:undefined:undefined:undefined":5,"s:75:6:77:Infinity":25,"s:76:8:76:Infinity":26,"s:79:6:79:Infinity":27,"s:82:4:82:Infinity":28,"f:82:11:82:17":5,"s:82:17:82:Infinity":29,"s:85:17:95:Infinity":30,"f:85:17:85:24":6,"s:86:4:94:Infinity":31,"s:87:24:90:Infinity":32,"s:91:6:91:Infinity":33,"s:93:6:93:Infinity":34,"s:97:17:122:Infinity":35,"f:97:17:97:Infinity":7,"s:103:4:121:Infinity":36,"s:104:26:104:54":37,"s:106:24:116:Infinity":38,"s:118:6:118:Infinity":39,"s:120:6:120:Infinity":40,"s:124:18:135:Infinity":41,"f:124:18:124:Infinity":8,"s:125:4:134:Infinity":42,"s:126:6:126:Infinity":43,"s:128:6:128:Infinity":44,"s:130:6:130:Infinity":45,"s:131:6:131:Infinity":46,"s:132:6:132:Infinity":47,"s:133:6:133:Infinity":48,"s:138:20:156:Infinity":49,"f:138:20:138:21":9,"s:139:33:143:Infinity":50,"b:141:34:141:53:141:53:141:Infinity":6,"s:145:4:145:Infinity":51,"s:146:4:146:Infinity":52,"s:147:4:154:Infinity":53,"b:149:35:149:61:149:61:149:Infinity":7,"s:155:4:155:Infinity":54,"f:177:16:177:Infinity":10,"s:178:8:178:Infinity":55,"b:179:2:181:Infinity:undefined:undefined:undefined:undefined":8,"s:179:2:181:Infinity":56,"s:180:4:180:Infinity":57,"s:182:2:182:Infinity":58}}}
,"D:\\Projetos\\fit-flow\\src\\hooks\\useStudentData.ts": {"path":"D:\\Projetos\\fit-flow\\src\\hooks\\useStudentData.ts","statementMap":{"0":{"start":{"line":6,"column":28},"end":{"line":6,"column":null}},"1":{"start":{"line":8,"column":2},"end":{"line":26,"column":null}},"2":{"start":{"line":10,"column":6},"end":{"line":10,"column":null}},"3":{"start":{"line":10,"column":24},"end":{"line":10,"column":null}},"4":{"start":{"line":12,"column":30},"end":{"line":21,"column":null}},"5":{"start":{"line":23,"column":6},"end":{"line":23,"column":null}},"6":{"start":{"line":23,"column":17},"end":{"line":23,"column":null}},"7":{"start":{"line":24,"column":6},"end":{"line":24,"column":null}},"8":{"start":{"line":30,"column":2},"end":{"line":60,"column":null}},"9":{"start":{"line":44,"column":30},"end":{"line":55,"column":null}},"10":{"start":{"line":57,"column":6},"end":{"line":57,"column":null}},"11":{"start":{"line":57,"column":17},"end":{"line":57,"column":null}},"12":{"start":{"line":58,"column":6},"end":{"line":58,"column":null}},"13":{"start":{"line":64,"column":8},"end":{"line":64,"column":null}},"14":{"start":{"line":66,"column":2},"end":{"line":96,"column":null}},"15":{"start":{"line":78,"column":30},"end":{"line":88,"column":null}},"16":{"start":{"line":90,"column":6},"end":{"line":90,"column":null}},"17":{"start":{"line":90,"column":17},"end":{"line":90,"column":null}},"18":{"start":{"line":91,"column":6},"end":{"line":91,"column":null}},"19":{"start":{"line":94,"column":6},"end":{"line":94,"column":null}},"20":{"start":{"line":100,"column":16},"end":{"line":100,"column":null}},"21":{"start":{"line":102,"column":2},"end":{"line":117,"column":null}},"22":{"start":{"line":105,"column":6},"end":{"line":105,"column":null}},"23":{"start":{"line":105,"column":24},"end":{"line":105,"column":null}},"24":{"start":{"line":107,"column":30},"end":{"line":111,"column":null}},"25":{"start":{"line":113,"column":6},"end":{"line":113,"column":null}},"26":{"start":{"line":113,"column":17},"end":{"line":113,"column":null}},"27":{"start":{"line":114,"column":6},"end":{"line":114,"column":null}},"28":{"start":{"line":121,"column":28},"end":{"line":121,"column":null}},"29":{"start":{"line":123,"column":2},"end":{"line":143,"column":null}},"30":{"start":{"line":126,"column":6},"end":{"line":126,"column":null}},"31":{"start":{"line":126,"column":24},"end":{"line":126,"column":null}},"32":{"start":{"line":128,"column":30},"end":{"line":137,"column":null}},"33":{"start":{"line":139,"column":6},"end":{"line":139,"column":null}},"34":{"start":{"line":139,"column":17},"end":{"line":139,"column":null}},"35":{"start":{"line":140,"column":6},"end":{"line":140,"column":null}},"36":{"start":{"line":147,"column":28},"end":{"line":147,"column":null}},"37":{"start":{"line":149,"column":2},"end":{"line":176,"column":null}},"38":{"start":{"line":152,"column":6},"end":{"line":152,"column":null}},"39":{"start":{"line":152,"column":24},"end":{"line":152,"column":null}},"40":{"start":{"line":154,"column":30},"end":{"line":170,"column":null}},"41":{"start":{"line":172,"column":6},"end":{"line":172,"column":null}},"42":{"start":{"line":172,"column":17},"end":{"line":172,"column":null}},"43":{"start":{"line":173,"column":6},"end":{"line":173,"column":null}},"44":{"start":{"line":180,"column":28},"end":{"line":180,"column":null}},"45":{"start":{"line":182,"column":2},"end":{"line":198,"column":null}},"46":{"start":{"line":185,"column":6},"end":{"line":185,"column":null}},"47":{"start":{"line":185,"column":24},"end":{"line":185,"column":null}},"48":{"start":{"line":187,"column":30},"end":{"line":192,"column":null}},"49":{"start":{"line":194,"column":6},"end":{"line":194,"column":null}},"50":{"start":{"line":194,"column":17},"end":{"line":194,"column":null}},"51":{"start":{"line":195,"column":6},"end":{"line":195,"column":null}}},"fnMap":{"0":{"name":"useStartWorkout","decl":{"start":{"line":5,"column":16},"end":{"line":5,"column":null}},"loc":{"start":{"line":5,"column":16},"end":{"line":27,"column":null}},"line":5},"1":{"name":"(anonymous_1)","decl":{"start":{"line":9,"column":16},"end":{"line":9,"column":23}},"loc":{"start":{"line":9,"column":59},"end":{"line":25,"column":null}},"line":9},"2":{"name":"useLogSet","decl":{"start":{"line":29,"column":16},"end":{"line":29,"column":null}},"loc":{"start":{"line":29,"column":16},"end":{"line":61,"column":null}},"line":29},"3":{"name":"(anonymous_3)","decl":{"start":{"line":31,"column":16},"end":{"line":31,"column":23}},"loc":{"start":{"line":43,"column":5},"end":{"line":59,"column":null}},"line":43},"4":{"name":"useFinishWorkout","decl":{"start":{"line":63,"column":16},"end":{"line":63,"column":null}},"loc":{"start":{"line":63,"column":16},"end":{"line":97,"column":null}},"line":63},"5":{"name":"(anonymous_5)","decl":{"start":{"line":67,"column":16},"end":{"line":67,"column":23}},"loc":{"start":{"line":77,"column":5},"end":{"line":92,"column":null}},"line":77},"6":{"name":"(anonymous_6)","decl":{"start":{"line":93,"column":15},"end":{"line":93,"column":null}},"loc":{"start":{"line":93,"column":15},"end":{"line":95,"column":null}},"line":93},"7":{"name":"useStudentRecord","decl":{"start":{"line":99,"column":16},"end":{"line":99,"column":null}},"loc":{"start":{"line":99,"column":16},"end":{"line":118,"column":null}},"line":99},"8":{"name":"(anonymous_8)","decl":{"start":{"line":104,"column":13},"end":{"line":104,"column":null}},"loc":{"start":{"line":104,"column":13},"end":{"line":115,"column":null}},"line":104},"9":{"name":"useStudentWorkouts","decl":{"start":{"line":120,"column":16},"end":{"line":120,"column":null}},"loc":{"start":{"line":120,"column":16},"end":{"line":144,"column":null}},"line":120},"10":{"name":"(anonymous_10)","decl":{"start":{"line":125,"column":13},"end":{"line":125,"column":null}},"loc":{"start":{"line":125,"column":13},"end":{"line":141,"column":null}},"line":125},"11":{"name":"useStudentWorkoutLogs","decl":{"start":{"line":146,"column":16},"end":{"line":146,"column":null}},"loc":{"start":{"line":146,"column":16},"end":{"line":177,"column":null}},"line":146},"12":{"name":"(anonymous_12)","decl":{"start":{"line":151,"column":13},"end":{"line":151,"column":null}},"loc":{"start":{"line":151,"column":13},"end":{"line":174,"column":null}},"line":151},"13":{"name":"useStudentMeasurements","decl":{"start":{"line":179,"column":16},"end":{"line":179,"column":null}},"loc":{"start":{"line":179,"column":16},"end":{"line":199,"column":null}},"line":179},"14":{"name":"(anonymous_14)","decl":{"start":{"line":184,"column":13},"end":{"line":184,"column":null}},"loc":{"start":{"line":184,"column":13},"end":{"line":196,"column":null}},"line":184}},"branchMap":{"0":{"loc":{"start":{"line":10,"column":6},"end":{"line":10,"column":null}},"type":"if","locations":[{"start":{"line":10,"column":6},"end":{"line":10,"column":null}},{"start":{},"end":{}}],"line":10},"1":{"loc":{"start":{"line":23,"column":6},"end":{"line":23,"column":null}},"type":"if","locations":[{"start":{"line":23,"column":6},"end":{"line":23,"column":null}},{"start":{},"end":{}}],"line":23},"2":{"loc":{"start":{"line":57,"column":6},"end":{"line":57,"column":null}},"type":"if","locations":[{"start":{"line":57,"column":6},"end":{"line":57,"column":null}},{"start":{},"end":{}}],"line":57},"3":{"loc":{"start":{"line":90,"column":6},"end":{"line":90,"column":null}},"type":"if","locations":[{"start":{"line":90,"column":6},"end":{"line":90,"column":null}},{"start":{},"end":{}}],"line":90},"4":{"loc":{"start":{"line":105,"column":6},"end":{"line":105,"column":null}},"type":"if","locations":[{"start":{"line":105,"column":6},"end":{"line":105,"column":null}},{"start":{},"end":{}}],"line":105},"5":{"loc":{"start":{"line":113,"column":6},"end":{"line":113,"column":null}},"type":"if","locations":[{"start":{"line":113,"column":6},"end":{"line":113,"column":null}},{"start":{},"end":{}}],"line":113},"6":{"loc":{"start":{"line":126,"column":6},"end":{"line":126,"column":null}},"type":"if","locations":[{"start":{"line":126,"column":6},"end":{"line":126,"column":null}},{"start":{},"end":{}}],"line":126},"7":{"loc":{"start":{"line":139,"column":6},"end":{"line":139,"column":null}},"type":"if","locations":[{"start":{"line":139,"column":6},"end":{"line":139,"column":null}},{"start":{},"end":{}}],"line":139},"8":{"loc":{"start":{"line":140,"column":13},"end":{"line":140,"column":23}},"type":"binary-expr","locations":[{"start":{"line":140,"column":13},"end":{"line":140,"column":21}},{"start":{"line":140,"column":21},"end":{"line":140,"column":23}}],"line":140},"9":{"loc":{"start":{"line":152,"column":6},"end":{"line":152,"column":null}},"type":"if","locations":[{"start":{"line":152,"column":6},"end":{"line":152,"column":null}},{"start":{},"end":{}}],"line":152},"10":{"loc":{"start":{"line":172,"column":6},"end":{"line":172,"column":null}},"type":"if","locations":[{"start":{"line":172,"column":6},"end":{"line":172,"column":null}},{"start":{},"end":{}}],"line":172},"11":{"loc":{"start":{"line":173,"column":13},"end":{"line":173,"column":23}},"type":"binary-expr","locations":[{"start":{"line":173,"column":13},"end":{"line":173,"column":21}},{"start":{"line":173,"column":21},"end":{"line":173,"column":23}}],"line":173},"12":{"loc":{"start":{"line":185,"column":6},"end":{"line":185,"column":null}},"type":"if","locations":[{"start":{"line":185,"column":6},"end":{"line":185,"column":null}},{"start":{},"end":{}}],"line":185},"13":{"loc":{"start":{"line":194,"column":6},"end":{"line":194,"column":null}},"type":"if","locations":[{"start":{"line":194,"column":6},"end":{"line":194,"column":null}},{"start":{},"end":{}}],"line":194},"14":{"loc":{"start":{"line":195,"column":13},"end":{"line":195,"column":23}},"type":"binary-expr","locations":[{"start":{"line":195,"column":13},"end":{"line":195,"column":21}},{"start":{"line":195,"column":21},"end":{"line":195,"column":23}}],"line":195}},"s":{"0":2,"1":2,"2":1,"3":1,"4":0,"5":0,"6":0,"7":0,"8":2,"9":1,"10":1,"11":0,"12":1,"13":2,"14":2,"15":1,"16":1,"17":0,"18":1,"19":1,"20":7,"21":7,"22":4,"23":0,"24":4,"25":3,"26":1,"27":2,"28":0,"29":0,"30":0,"31":0,"32":0,"33":0,"34":0,"35":0,"36":0,"37":0,"38":0,"39":0,"40":0,"41":0,"42":0,"43":0,"44":0,"45":0,"46":0,"47":0,"48":0,"49":0,"50":0,"51":0},"f":{"0":2,"1":1,"2":2,"3":1,"4":2,"5":1,"6":1,"7":7,"8":4,"9":0,"10":0,"11":0,"12":0,"13":0,"14":0},"b":{"0":[1,0],"1":[0,0],"2":[0,1],"3":[0,1],"4":[0,4],"5":[1,2],"6":[0,0],"7":[0,0],"8":[0,0],"9":[0,0],"10":[0,0],"11":[0,0],"12":[0,0],"13":[0,0],"14":[0,0]},"meta":{"lastBranch":15,"lastFunction":15,"lastStatement":52,"seen":{"f:5:16:5:Infinity":0,"s:6:28:6:Infinity":0,"s:8:2:26:Infinity":1,"f:9:16:9:23":1,"b:10:6:10:Infinity:undefined:undefined:undefined:undefined":0,"s:10:6:10:Infinity":2,"s:10:24:10:Infinity":3,"s:12:30:21:Infinity":4,"b:23:6:23:Infinity:undefined:undefined:undefined:undefined":1,"s:23:6:23:Infinity":5,"s:23:17:23:Infinity":6,"s:24:6:24:Infinity":7,"f:29:16:29:Infinity":2,"s:30:2:60:Infinity":8,"f:31:16:31:23":3,"s:44:30:55:Infinity":9,"b:57:6:57:Infinity:undefined:undefined:undefined:undefined":2,"s:57:6:57:Infinity":10,"s:57:17:57:Infinity":11,"s:58:6:58:Infinity":12,"f:63:16:63:Infinity":4,"s:64:8:64:Infinity":13,"s:66:2:96:Infinity":14,"f:67:16:67:23":5,"s:78:30:88:Infinity":15,"b:90:6:90:Infinity:undefined:undefined:undefined:undefined":3,"s:90:6:90:Infinity":16,"s:90:17:90:Infinity":17,"s:91:6:91:Infinity":18,"f:93:15:93:Infinity":6,"s:94:6:94:Infinity":19,"f:99:16:99:Infinity":7,"s:100:16:100:Infinity":20,"s:102:2:117:Infinity":21,"f:104:13:104:Infinity":8,"b:105:6:105:Infinity:undefined:undefined:undefined:undefined":4,"s:105:6:105:Infinity":22,"s:105:24:105:Infinity":23,"s:107:30:111:Infinity":24,"b:113:6:113:Infinity:undefined:undefined:undefined:undefined":5,"s:113:6:113:Infinity":25,"s:113:17:113:Infinity":26,"s:114:6:114:Infinity":27,"f:120:16:120:Infinity":9,"s:121:28:121:Infinity":28,"s:123:2:143:Infinity":29,"f:125:13:125:Infinity":10,"b:126:6:126:Infinity:undefined:undefined:undefined:undefined":6,"s:126:6:126:Infinity":30,"s:126:24:126:Infinity":31,"s:128:30:137:Infinity":32,"b:139:6:139:Infinity:undefined:undefined:undefined:undefined":7,"s:139:6:139:Infinity":33,"s:139:17:139:Infinity":34,"s:140:6:140:Infinity":35,"b:140:13:140:21:140:21:140:23":8,"f:146:16:146:Infinity":11,"s:147:28:147:Infinity":36,"s:149:2:176:Infinity":37,"f:151:13:151:Infinity":12,"b:152:6:152:Infinity:undefined:undefined:undefined:undefined":9,"s:152:6:152:Infinity":38,"s:152:24:152:Infinity":39,"s:154:30:170:Infinity":40,"b:172:6:172:Infinity:undefined:undefined:undefined:undefined":10,"s:172:6:172:Infinity":41,"s:172:17:172:Infinity":42,"s:173:6:173:Infinity":43,"b:173:13:173:21:173:21:173:23":11,"f:179:16:179:Infinity":13,"s:180:28:180:Infinity":44,"s:182:2:198:Infinity":45,"f:184:13:184:Infinity":14,"b:185:6:185:Infinity:undefined:undefined:undefined:undefined":12,"s:185:6:185:Infinity":46,"s:185:24:185:Infinity":47,"s:187:30:192:Infinity":48,"b:194:6:194:Infinity:undefined:undefined:undefined:undefined":13,"s:194:6:194:Infinity":49,"s:194:17:194:Infinity":50,"s:195:6:195:Infinity":51,"b:195:13:195:21:195:21:195:23":14}}}
,"D:\\Projetos\\fit-flow\\src\\lib\\utils.ts": {"path":"D:\\Projetos\\fit-flow\\src\\lib\\utils.ts","statementMap":{"0":{"start":{"line":5,"column":2},"end":{"line":5,"column":null}}},"fnMap":{"0":{"name":"cn","decl":{"start":{"line":4,"column":16},"end":{"line":4,"column":19}},"loc":{"start":{"line":4,"column":42},"end":{"line":6,"column":null}},"line":4}},"branchMap":{},"s":{"0":73},"f":{"0":73},"b":{},"meta":{"lastBranch":0,"lastFunction":1,"lastStatement":1,"seen":{"f:4:16:4:19":0,"s:5:2:5:Infinity":0}}}
,"D:\\Projetos\\fit-flow\\src\\pages\\trainer\\Plans.tsx": {"path":"D:\\Projetos\\fit-flow\\src\\pages\\trainer\\Plans.tsx","statementMap":{"0":{"start":{"line":14,"column":8},"end":{"line":14,"column":null}},"1":{"start":{"line":15,"column":34},"end":{"line":15,"column":null}},"2":{"start":{"line":16,"column":37},"end":{"line":16,"column":null}},"3":{"start":{"line":19,"column":4},"end":{"line":19,"column":95}},"4":{"start":{"line":19,"column":28},"end":{"line":19,"column":93}},"5":{"start":{"line":21,"column":2},"end":{"line":27,"column":null}},"6":{"start":{"line":42,"column":61},"end":{"line":42,"column":null}},"7":{"start":{"line":61,"column":29},"end":{"line":61,"column":null}},"8":{"start":{"line":102,"column":37},"end":{"line":102,"column":null}},"9":{"start":{"line":133,"column":33},"end":{"line":133,"column":null}}},"fnMap":{"0":{"name":"TrainerPlans","decl":{"start":{"line":13,"column":24},"end":{"line":13,"column":null}},"loc":{"start":{"line":13,"column":24},"end":{"line":141,"column":null}},"line":13},"1":{"name":"(anonymous_1)","decl":{"start":{"line":19,"column":18},"end":{"line":19,"column":19}},"loc":{"start":{"line":19,"column":28},"end":{"line":19,"column":93}},"line":19},"2":{"name":"(anonymous_2)","decl":{"start":{"line":42,"column":55},"end":{"line":42,"column":61}},"loc":{"start":{"line":42,"column":61},"end":{"line":42,"column":null}},"line":42},"3":{"name":"(anonymous_3)","decl":{"start":{"line":61,"column":22},"end":{"line":61,"column":23}},"loc":{"start":{"line":61,"column":29},"end":{"line":61,"column":null}},"line":61},"4":{"name":"(anonymous_4)","decl":{"start":{"line":102,"column":31},"end":{"line":102,"column":37}},"loc":{"start":{"line":102,"column":37},"end":{"line":102,"column":null}},"line":102},"5":{"name":"(anonymous_5)","decl":{"start":{"line":133,"column":27},"end":{"line":133,"column":33}},"loc":{"start":{"line":133,"column":33},"end":{"line":133,"column":null}},"line":133}},"branchMap":{"0":{"loc":{"start":{"line":19,"column":4},"end":{"line":19,"column":95}},"type":"binary-expr","locations":[{"start":{"line":19,"column":4},"end":{"line":19,"column":93}},{"start":{"line":19,"column":93},"end":{"line":19,"column":95}}],"line":19},"1":{"loc":{"start":{"line":21,"column":2},"end":{"line":27,"column":null}},"type":"if","locations":[{"start":{"line":21,"column":2},"end":{"line":27,"column":null}},{"start":{},"end":{}}],"line":21},"2":{"loc":{"start":{"line":93,"column":29},"end":{"line":93,"column":57}},"type":"binary-expr","locations":[{"start":{"line":93,"column":29},"end":{"line":93,"column":55}},{"start":{"line":93,"column":55},"end":{"line":93,"column":57}}],"line":93},"3":{"loc":{"start":{"line":125,"column":12},"end":{"line":127,"column":null}},"type":"cond-expr","locations":[{"start":{"line":126,"column":16},"end":{"line":126,"column":null}},{"start":{"line":127,"column":16},"end":{"line":127,"column":null}}],"line":125},"4":{"loc":{"start":{"line":130,"column":12},"end":{"line":135,"column":null}},"type":"cond-expr","locations":[{"start":{"line":131,"column":16},"end":{"line":134,"column":null}},{"start":{"line":135,"column":16},"end":{"line":135,"column":null}}],"line":130}},"s":{"0":5,"1":5,"2":5,"3":5,"4":6,"5":5,"6":0,"7":1,"8":0,"9":0},"f":{"0":5,"1":6,"2":0,"3":1,"4":0,"5":0},"b":{"0":[5,1],"1":[1,4],"2":[5,3],"3":[0,1],"4":[1,0]},"meta":{"lastBranch":5,"lastFunction":6,"lastStatement":10,"seen":{"f:13:24:13:Infinity":0,"s:14:8:14:Infinity":0,"s:15:34:15:Infinity":1,"s:16:37:16:Infinity":2,"s:19:4:19:95":3,"b:19:4:19:93:19:93:19:95":0,"f:19:18:19:19":1,"s:19:28:19:93":4,"b:21:2:27:Infinity:undefined:undefined:undefined:undefined":1,"s:21:2:27:Infinity":5,"f:42:55:42:61":2,"s:42:61:42:Infinity":6,"f:61:22:61:23":3,"s:61:29:61:Infinity":7,"b:93:29:93:55:93:55:93:57":2,"f:102:31:102:37":4,"s:102:37:102:Infinity":8,"b:126:16:126:Infinity:127:16:127:Infinity":3,"b:131:16:134:Infinity:135:16:135:Infinity":4,"f:133:27:133:33":5,"s:133:33:133:Infinity":9}}}
,"D:\\Projetos\\fit-flow\\src\\pages\\trainer\\Students.tsx": {"path":"D:\\Projetos\\fit-flow\\src\\pages\\trainer\\Students.tsx","statementMap":{"0":{"start":{"line":27,"column":21},"end":{"line":68,"column":null}},"1":{"start":{"line":71,"column":8},"end":{"line":71,"column":null}},"2":{"start":{"line":72,"column":20},"end":{"line":72,"column":null}},"3":{"start":{"line":73,"column":53},"end":{"line":73,"column":null}},"4":{"start":{"line":74,"column":37},"end":{"line":74,"column":null}},"5":{"start":{"line":75,"column":27},"end":{"line":75,"column":null}},"6":{"start":{"line":78,"column":21},"end":{"line":78,"column":null}},"7":{"start":{"line":79,"column":26},"end":{"line":79,"column":68}},"8":{"start":{"line":81,"column":27},"end":{"line":94,"column":null}},"9":{"start":{"line":83,"column":6},"end":{"line":84,"column":null}},"10":{"start":{"line":91,"column":26},"end":{"line":91,"column":88}},"11":{"start":{"line":93,"column":4},"end":{"line":93,"column":null}},"12":{"start":{"line":96,"column":2},"end":{"line":102,"column":null}},"13":{"start":{"line":104,"column":2},"end":{"line":110,"column":null}},"14":{"start":{"line":107,"column":35},"end":{"line":107,"column":null}},"15":{"start":{"line":123,"column":61},"end":{"line":123,"column":null}},"16":{"start":{"line":142,"column":29},"end":{"line":142,"column":null}},"17":{"start":{"line":150,"column":27},"end":{"line":150,"column":null}},"18":{"start":{"line":157,"column":27},"end":{"line":157,"column":null}},"19":{"start":{"line":164,"column":27},"end":{"line":164,"column":null}},"20":{"start":{"line":197,"column":38},"end":{"line":197,"column":42}},"21":{"start":{"line":282,"column":20},"end":{"line":282,"column":null}},"22":{"start":{"line":283,"column":20},"end":{"line":283,"column":null}},"23":{"start":{"line":288,"column":33},"end":{"line":288,"column":null}}},"fnMap":{"0":{"name":"TrainerStudents","decl":{"start":{"line":70,"column":24},"end":{"line":70,"column":null}},"loc":{"start":{"line":70,"column":24},"end":{"line":295,"column":null}},"line":70},"1":{"name":"(anonymous_1)","decl":{"start":{"line":81,"column":50},"end":{"line":81,"column":51}},"loc":{"start":{"line":81,"column":51},"end":{"line":94,"column":null}},"line":81},"2":{"name":"(anonymous_2)","decl":{"start":{"line":107,"column":29},"end":{"line":107,"column":35}},"loc":{"start":{"line":107,"column":35},"end":{"line":107,"column":null}},"line":107},"3":{"name":"(anonymous_3)","decl":{"start":{"line":123,"column":55},"end":{"line":123,"column":61}},"loc":{"start":{"line":123,"column":61},"end":{"line":123,"column":null}},"line":123},"4":{"name":"(anonymous_4)","decl":{"start":{"line":142,"column":22},"end":{"line":142,"column":23}},"loc":{"start":{"line":142,"column":29},"end":{"line":142,"column":null}},"line":142},"5":{"name":"(anonymous_5)","decl":{"start":{"line":150,"column":21},"end":{"line":150,"column":27}},"loc":{"start":{"line":150,"column":27},"end":{"line":150,"column":null}},"line":150},"6":{"name":"(anonymous_6)","decl":{"start":{"line":157,"column":21},"end":{"line":157,"column":27}},"loc":{"start":{"line":157,"column":27},"end":{"line":157,"column":null}},"line":157},"7":{"name":"(anonymous_7)","decl":{"start":{"line":164,"column":21},"end":{"line":164,"column":27}},"loc":{"start":{"line":164,"column":27},"end":{"line":164,"column":null}},"line":164},"8":{"name":"(anonymous_8)","decl":{"start":{"line":197,"column":31},"end":{"line":197,"column":32}},"loc":{"start":{"line":197,"column":38},"end":{"line":197,"column":42}},"line":197},"9":{"name":"(anonymous_9)","decl":{"start":{"line":281,"column":27},"end":{"line":281,"column":null}},"loc":{"start":{"line":281,"column":27},"end":{"line":284,"column":null}},"line":281},"10":{"name":"(anonymous_10)","decl":{"start":{"line":288,"column":27},"end":{"line":288,"column":33}},"loc":{"start":{"line":288,"column":33},"end":{"line":288,"column":null}},"line":288}},"branchMap":{"0":{"loc":{"start":{"line":78,"column":21},"end":{"line":78,"column":null}},"type":"binary-expr","locations":[{"start":{"line":78,"column":21},"end":{"line":78,"column":33}},{"start":{"line":78,"column":33},"end":{"line":78,"column":48}},{"start":{"line":78,"column":48},"end":{"line":78,"column":61}},{"start":{"line":78,"column":61},"end":{"line":78,"column":null}}],"line":78},"1":{"loc":{"start":{"line":79,"column":26},"end":{"line":79,"column":68}},"type":"cond-expr","locations":[{"start":{"line":79,"column":39},"end":{"line":79,"column":54}},{"start":{"line":79,"column":54},"end":{"line":79,"column":68}}],"line":79},"2":{"loc":{"start":{"line":79,"column":54},"end":{"line":79,"column":68}},"type":"binary-expr","locations":[{"start":{"line":79,"column":54},"end":{"line":79,"column":66}},{"start":{"line":79,"column":66},"end":{"line":79,"column":68}}],"line":79},"3":{"loc":{"start":{"line":83,"column":6},"end":{"line":84,"column":null}},"type":"binary-expr","locations":[{"start":{"line":83,"column":6},"end":{"line":83,"column":null}},{"start":{"line":84,"column":6},"end":{"line":84,"column":null}}],"line":83},"4":{"loc":{"start":{"line":91,"column":26},"end":{"line":91,"column":88}},"type":"cond-expr","locations":[{"start":{"line":91,"column":45},"end":{"line":91,"column":52}},{"start":{"line":91,"column":52},"end":{"line":91,"column":88}}],"line":91},"5":{"loc":{"start":{"line":91,"column":52},"end":{"line":91,"column":88}},"type":"cond-expr","locations":[{"start":{"line":91,"column":74},"end":{"line":91,"column":81}},{"start":{"line":91,"column":81},"end":{"line":91,"column":88}}],"line":91},"6":{"loc":{"start":{"line":93,"column":11},"end":{"line":93,"column":null}},"type":"binary-expr","locations":[{"start":{"line":93,"column":11},"end":{"line":93,"column":28}},{"start":{"line":93,"column":28},"end":{"line":93,"column":null}}],"line":93},"7":{"loc":{"start":{"line":96,"column":2},"end":{"line":102,"column":null}},"type":"if","locations":[{"start":{"line":96,"column":2},"end":{"line":102,"column":null}},{"start":{},"end":{}}],"line":96},"8":{"loc":{"start":{"line":104,"column":2},"end":{"line":110,"column":null}},"type":"if","locations":[{"start":{"line":104,"column":2},"end":{"line":110,"column":null}},{"start":{},"end":{}}],"line":104},"9":{"loc":{"start":{"line":148,"column":21},"end":{"line":148,"column":null}},"type":"cond-expr","locations":[{"start":{"line":148,"column":40},"end":{"line":148,"column":52}},{"start":{"line":148,"column":52},"end":{"line":148,"column":null}}],"line":148},"10":{"loc":{"start":{"line":155,"column":21},"end":{"line":155,"column":null}},"type":"cond-expr","locations":[{"start":{"line":155,"column":43},"end":{"line":155,"column":55}},{"start":{"line":155,"column":55},"end":{"line":155,"column":null}}],"line":155},"11":{"loc":{"start":{"line":162,"column":21},"end":{"line":162,"column":null}},"type":"cond-expr","locations":[{"start":{"line":162,"column":45},"end":{"line":162,"column":57}},{"start":{"line":162,"column":57},"end":{"line":162,"column":null}}],"line":162},"12":{"loc":{"start":{"line":204,"column":27},"end":{"line":204,"column":null}},"type":"binary-expr","locations":[{"start":{"line":204,"column":27},"end":{"line":204,"column":39}},{"start":{"line":204,"column":43},"end":{"line":204,"column":null}}],"line":204},"13":{"loc":{"start":{"line":273,"column":12},"end":{"line":275,"column":null}},"type":"cond-expr","locations":[{"start":{"line":274,"column":16},"end":{"line":274,"column":null}},{"start":{"line":275,"column":16},"end":{"line":275,"column":null}}],"line":273},"14":{"loc":{"start":{"line":278,"column":12},"end":{"line":289,"column":null}},"type":"cond-expr","locations":[{"start":{"line":279,"column":16},"end":{"line":285,"column":null}},{"start":{"line":286,"column":16},"end":{"line":289,"column":null}}],"line":278}},"s":{"0":1,"1":2,"2":2,"3":2,"4":2,"5":2,"6":2,"7":2,"8":2,"9":4,"10":4,"11":4,"12":2,"13":2,"14":0,"15":0,"16":0,"17":0,"18":0,"19":1,"20":4,"21":0,"22":0,"23":0},"f":{"0":2,"1":4,"2":0,"3":0,"4":0,"5":0,"6":0,"7":1,"8":4,"9":0,"10":0},"b":{"0":[2,2,2,2],"1":[0,2],"2":[2,0],"3":[4,0],"4":[2,2],"5":[0,2],"6":[4,4],"7":[0,2],"8":[0,2],"9":[1,1],"10":[0,2],"11":[1,1],"12":[2,2],"13":[0,1],"14":[0,1]},"meta":{"lastBranch":15,"lastFunction":11,"lastStatement":24,"seen":{"s:27:21:68:Infinity":0,"f:70:24:70:Infinity":0,"s:71:8:71:Infinity":1,"s:72:20:72:Infinity":2,"s:73:53:73:Infinity":3,"s:74:37:74:Infinity":4,"s:75:27:75:Infinity":5,"s:78:21:78:Infinity":6,"b:78:21:78:33:78:33:78:48:78:48:78:61:78:61:78:Infinity":0,"s:79:26:79:68":7,"b:79:39:79:54:79:54:79:68":1,"b:79:54:79:66:79:66:79:68":2,"s:81:27:94:Infinity":8,"f:81:50:81:51":1,"s:83:6:84:Infinity":9,"b:83:6:83:Infinity:84:6:84:Infinity":3,"s:91:26:91:88":10,"b:91:45:91:52:91:52:91:88":4,"b:91:74:91:81:91:81:91:88":5,"s:93:4:93:Infinity":11,"b:93:11:93:28:93:28:93:Infinity":6,"b:96:2:102:Infinity:undefined:undefined:undefined:undefined":7,"s:96:2:102:Infinity":12,"b:104:2:110:Infinity:undefined:undefined:undefined:undefined":8,"s:104:2:110:Infinity":13,"f:107:29:107:35":2,"s:107:35:107:Infinity":14,"f:123:55:123:61":3,"s:123:61:123:Infinity":15,"f:142:22:142:23":4,"s:142:29:142:Infinity":16,"b:148:40:148:52:148:52:148:Infinity":9,"f:150:21:150:27":5,"s:150:27:150:Infinity":17,"b:155:43:155:55:155:55:155:Infinity":10,"f:157:21:157:27":6,"s:157:27:157:Infinity":18,"b:162:45:162:57:162:57:162:Infinity":11,"f:164:21:164:27":7,"s:164:27:164:Infinity":19,"f:197:31:197:32":8,"s:197:38:197:42":20,"b:204:27:204:39:204:43:204:Infinity":12,"b:274:16:274:Infinity:275:16:275:Infinity":13,"b:279:16:285:Infinity:286:16:289:Infinity":14,"f:281:27:281:Infinity":9,"s:282:20:282:Infinity":21,"s:283:20:283:Infinity":22,"f:288:27:288:33":10,"s:288:33:288:Infinity":23}}}
}
